ERROR - Exception: 
java.nio.BufferOverflowException
	at java.nio.Buffer.nextPutIndex(Buffer.java:501)
	at java.nio.HeapByteBuffer.putInt(HeapByteBuffer.java:347)
	at com.joegaudet.remote.fields.AbstractRemotableField.serialize(AbstractRemotableField.java:35)
	at com.joegaudet.remote.fields.primatives.BooleanField.serialize(BooleanField.java:34)
	at com.joegaudet.remote.serialize.RemoteObjectSerializer.visitPrimative(RemoteObjectSerializer.java:43)
	at com.joegaudet.remote.visitors.OneTimeVisitor.visit(OneTimeVisitor.java:19)
	at com.joegaudet.remote.fields.AbstractRemotableField.acceptObjectVisitor(AbstractRemotableField.java:40)
	at com.joegaudet.remote.AbstractRemoteObject.acceptObjectVisitor(AbstractRemoteObject.java:141)
	at com.joegaudet.remote.serialize.RemoteObjectSerializer.serialize(RemoteObjectSerializer.java:32)
	at com.joegaudet.remote.serialize.RemoteObjectSerializer.writeObjectToChannel(RemoteObjectSerializer.java:38)
	at com.joegaudet.remote.RemoteObjectSerializationTest.testSerializeDeserialize_withOneWayReference(RemoteObjectSerializationTest.java:68)
	at sun.reflect.NativeMethodAccessorImpl.invoke0(Native Method)
	at sun.reflect.NativeMethodAccessorImpl.invoke(NativeMethodAccessorImpl.java:39)
	at sun.reflect.DelegatingMethodAccessorImpl.invoke(DelegatingMethodAccessorImpl.java:25)
	at java.lang.reflect.Method.invoke(Method.java:597)
	at junit.framework.TestCase.runTest(TestCase.java:168)
	at junit.framework.TestCase.runBare(TestCase.java:134)
	at junit.framework.TestResult$1.protect(TestResult.java:110)
	at junit.framework.TestResult.runProtected(TestResult.java:128)
	at junit.framework.TestResult.run(TestResult.java:113)
	at junit.framework.TestCase.run(TestCase.java:124)
	at junit.framework.TestSuite.runTest(TestSuite.java:232)
	at junit.framework.TestSuite.run(TestSuite.java:227)
	at org.junit.internal.runners.JUnit38ClassRunner.run(JUnit38ClassRunner.java:79)
	at org.eclipse.jdt.internal.junit4.runner.JUnit4TestReference.run(JUnit4TestReference.java:46)
	at org.eclipse.jdt.internal.junit.runner.TestExecution.run(TestExecution.java:38)
	at org.eclipse.jdt.internal.junit.runner.RemoteTestRunner.runTests(RemoteTestRunner.java:467)
	at org.eclipse.jdt.internal.junit.runner.RemoteTestRunner.runTests(RemoteTestRunner.java:683)
	at org.eclipse.jdt.internal.junit.runner.RemoteTestRunner.run(RemoteTestRunner.java:390)
	at org.eclipse.jdt.internal.junit.runner.RemoteTestRunner.main(RemoteTestRunner.java:197)
ERROR - Exception: 
java.nio.BufferOverflowException
	at java.nio.Buffer.nextPutIndex(Buffer.java:501)
	at java.nio.HeapByteBuffer.putInt(HeapByteBuffer.java:347)
	at com.joegaudet.remote.fields.AbstractRemotableField.serialize(AbstractRemotableField.java:35)
	at com.joegaudet.remote.fields.primatives.ShortField.serialize(ShortField.java:34)
	at com.joegaudet.remote.serialize.RemoteObjectSerializer.visitPrimative(RemoteObjectSerializer.java:43)
	at com.joegaudet.remote.visitors.OneTimeVisitor.visit(OneTimeVisitor.java:19)
	at com.joegaudet.remote.fields.AbstractRemotableField.acceptObjectVisitor(AbstractRemotableField.java:40)
	at com.joegaudet.remote.AbstractRemoteObject.acceptObjectVisitor(AbstractRemoteObject.java:141)
	at com.joegaudet.remote.serialize.RemoteObjectSerializer.serialize(RemoteObjectSerializer.java:32)
	at com.joegaudet.remote.serialize.RemoteObjectSerializer.writeObjectToChannel(RemoteObjectSerializer.java:38)
	at com.joegaudet.remote.RemoteObjectSerializationTest.testSerializeDeserialize_withOneWayReference(RemoteObjectSerializationTest.java:68)
	at sun.reflect.NativeMethodAccessorImpl.invoke0(Native Method)
	at sun.reflect.NativeMethodAccessorImpl.invoke(NativeMethodAccessorImpl.java:39)
	at sun.reflect.DelegatingMethodAccessorImpl.invoke(DelegatingMethodAccessorImpl.java:25)
	at java.lang.reflect.Method.invoke(Method.java:597)
	at junit.framework.TestCase.runTest(TestCase.java:168)
	at junit.framework.TestCase.runBare(TestCase.java:134)
	at junit.framework.TestResult$1.protect(TestResult.java:110)
	at junit.framework.TestResult.runProtected(TestResult.java:128)
	at junit.framework.TestResult.run(TestResult.java:113)
	at junit.framework.TestCase.run(TestCase.java:124)
	at junit.framework.TestSuite.runTest(TestSuite.java:232)
	at junit.framework.TestSuite.run(TestSuite.java:227)
	at org.junit.internal.runners.JUnit38ClassRunner.run(JUnit38ClassRunner.java:79)
	at org.eclipse.jdt.internal.junit4.runner.JUnit4TestReference.run(JUnit4TestReference.java:46)
	at org.eclipse.jdt.internal.junit.runner.TestExecution.run(TestExecution.java:38)
	at org.eclipse.jdt.internal.junit.runner.RemoteTestRunner.runTests(RemoteTestRunner.java:467)
	at org.eclipse.jdt.internal.junit.runner.RemoteTestRunner.runTests(RemoteTestRunner.java:683)
	at org.eclipse.jdt.internal.junit.runner.RemoteTestRunner.run(RemoteTestRunner.java:390)
	at org.eclipse.jdt.internal.junit.runner.RemoteTestRunner.main(RemoteTestRunner.java:197)
ERROR - Exception: 
java.nio.BufferOverflowException
	at java.nio.Buffer.nextPutIndex(Buffer.java:501)
	at java.nio.HeapByteBuffer.putInt(HeapByteBuffer.java:347)
	at com.joegaudet.remote.fields.AbstractRemotableField.serialize(AbstractRemotableField.java:35)
	at com.joegaudet.remote.fields.primatives.CharacterField.serialize(CharacterField.java:35)
	at com.joegaudet.remote.serialize.RemoteObjectSerializer.visitPrimative(RemoteObjectSerializer.java:43)
	at com.joegaudet.remote.visitors.OneTimeVisitor.visit(OneTimeVisitor.java:19)
	at com.joegaudet.remote.fields.AbstractRemotableField.acceptObjectVisitor(AbstractRemotableField.java:40)
	at com.joegaudet.remote.AbstractRemoteObject.acceptObjectVisitor(AbstractRemoteObject.java:141)
	at com.joegaudet.remote.serialize.RemoteObjectSerializer.serialize(RemoteObjectSerializer.java:32)
	at com.joegaudet.remote.serialize.RemoteObjectSerializer.writeObjectToChannel(RemoteObjectSerializer.java:38)
	at com.joegaudet.remote.RemoteObjectSerializationTest.testSerializeDeserialize_withOneWayReference(RemoteObjectSerializationTest.java:68)
	at sun.reflect.NativeMethodAccessorImpl.invoke0(Native Method)
	at sun.reflect.NativeMethodAccessorImpl.invoke(NativeMethodAccessorImpl.java:39)
	at sun.reflect.DelegatingMethodAccessorImpl.invoke(DelegatingMethodAccessorImpl.java:25)
	at java.lang.reflect.Method.invoke(Method.java:597)
	at junit.framework.TestCase.runTest(TestCase.java:168)
	at junit.framework.TestCase.runBare(TestCase.java:134)
	at junit.framework.TestResult$1.protect(TestResult.java:110)
	at junit.framework.TestResult.runProtected(TestResult.java:128)
	at junit.framework.TestResult.run(TestResult.java:113)
	at junit.framework.TestCase.run(TestCase.java:124)
	at junit.framework.TestSuite.runTest(TestSuite.java:232)
	at junit.framework.TestSuite.run(TestSuite.java:227)
	at org.junit.internal.runners.JUnit38ClassRunner.run(JUnit38ClassRunner.java:79)
	at org.eclipse.jdt.internal.junit4.runner.JUnit4TestReference.run(JUnit4TestReference.java:46)
	at org.eclipse.jdt.internal.junit.runner.TestExecution.run(TestExecution.java:38)
	at org.eclipse.jdt.internal.junit.runner.RemoteTestRunner.runTests(RemoteTestRunner.java:467)
	at org.eclipse.jdt.internal.junit.runner.RemoteTestRunner.runTests(RemoteTestRunner.java:683)
	at org.eclipse.jdt.internal.junit.runner.RemoteTestRunner.run(RemoteTestRunner.java:390)
	at org.eclipse.jdt.internal.junit.runner.RemoteTestRunner.main(RemoteTestRunner.java:197)
ERROR - Exception: 
java.nio.BufferOverflowException
	at java.nio.Buffer.nextPutIndex(Buffer.java:501)
	at java.nio.HeapByteBuffer.putInt(HeapByteBuffer.java:347)
	at com.joegaudet.remote.fields.AbstractRemotableField.serialize(AbstractRemotableField.java:35)
	at com.joegaudet.remote.fields.primatives.IntegerField.serialize(IntegerField.java:34)
	at com.joegaudet.remote.serialize.RemoteObjectSerializer.visitPrimative(RemoteObjectSerializer.java:43)
	at com.joegaudet.remote.visitors.OneTimeVisitor.visit(OneTimeVisitor.java:19)
	at com.joegaudet.remote.fields.AbstractRemotableField.acceptObjectVisitor(AbstractRemotableField.java:40)
	at com.joegaudet.remote.AbstractRemoteObject.acceptObjectVisitor(AbstractRemoteObject.java:141)
	at com.joegaudet.remote.serialize.RemoteObjectSerializer.serialize(RemoteObjectSerializer.java:32)
	at com.joegaudet.remote.serialize.RemoteObjectSerializer.writeObjectToChannel(RemoteObjectSerializer.java:38)
	at com.joegaudet.remote.RemoteObjectSerializationTest.testSerializeDeserialize_withOneWayReference(RemoteObjectSerializationTest.java:68)
	at sun.reflect.NativeMethodAccessorImpl.invoke0(Native Method)
	at sun.reflect.NativeMethodAccessorImpl.invoke(NativeMethodAccessorImpl.java:39)
	at sun.reflect.DelegatingMethodAccessorImpl.invoke(DelegatingMethodAccessorImpl.java:25)
	at java.lang.reflect.Method.invoke(Method.java:597)
	at junit.framework.TestCase.runTest(TestCase.java:168)
	at junit.framework.TestCase.runBare(TestCase.java:134)
	at junit.framework.TestResult$1.protect(TestResult.java:110)
	at junit.framework.TestResult.runProtected(TestResult.java:128)
	at junit.framework.TestResult.run(TestResult.java:113)
	at junit.framework.TestCase.run(TestCase.java:124)
	at junit.framework.TestSuite.runTest(TestSuite.java:232)
	at junit.framework.TestSuite.run(TestSuite.java:227)
	at org.junit.internal.runners.JUnit38ClassRunner.run(JUnit38ClassRunner.java:79)
	at org.eclipse.jdt.internal.junit4.runner.JUnit4TestReference.run(JUnit4TestReference.java:46)
	at org.eclipse.jdt.internal.junit.runner.TestExecution.run(TestExecution.java:38)
	at org.eclipse.jdt.internal.junit.runner.RemoteTestRunner.runTests(RemoteTestRunner.java:467)
	at org.eclipse.jdt.internal.junit.runner.RemoteTestRunner.runTests(RemoteTestRunner.java:683)
	at org.eclipse.jdt.internal.junit.runner.RemoteTestRunner.run(RemoteTestRunner.java:390)
	at org.eclipse.jdt.internal.junit.runner.RemoteTestRunner.main(RemoteTestRunner.java:197)
ERROR - Exception: 
java.nio.BufferOverflowException
	at java.nio.Buffer.nextPutIndex(Buffer.java:501)
	at java.nio.HeapByteBuffer.putInt(HeapByteBuffer.java:347)
	at com.joegaudet.remote.fields.AbstractRemotableField.serialize(AbstractRemotableField.java:35)
	at com.joegaudet.remote.fields.primatives.FloatField.serialize(FloatField.java:34)
	at com.joegaudet.remote.serialize.RemoteObjectSerializer.visitPrimative(RemoteObjectSerializer.java:43)
	at com.joegaudet.remote.visitors.OneTimeVisitor.visit(OneTimeVisitor.java:19)
	at com.joegaudet.remote.fields.AbstractRemotableField.acceptObjectVisitor(AbstractRemotableField.java:40)
	at com.joegaudet.remote.AbstractRemoteObject.acceptObjectVisitor(AbstractRemoteObject.java:141)
	at com.joegaudet.remote.serialize.RemoteObjectSerializer.serialize(RemoteObjectSerializer.java:32)
	at com.joegaudet.remote.serialize.RemoteObjectSerializer.writeObjectToChannel(RemoteObjectSerializer.java:38)
	at com.joegaudet.remote.RemoteObjectSerializationTest.testSerializeDeserialize_withOneWayReference(RemoteObjectSerializationTest.java:68)
	at sun.reflect.NativeMethodAccessorImpl.invoke0(Native Method)
	at sun.reflect.NativeMethodAccessorImpl.invoke(NativeMethodAccessorImpl.java:39)
	at sun.reflect.DelegatingMethodAccessorImpl.invoke(DelegatingMethodAccessorImpl.java:25)
	at java.lang.reflect.Method.invoke(Method.java:597)
	at junit.framework.TestCase.runTest(TestCase.java:168)
	at junit.framework.TestCase.runBare(TestCase.java:134)
	at junit.framework.TestResult$1.protect(TestResult.java:110)
	at junit.framework.TestResult.runProtected(TestResult.java:128)
	at junit.framework.TestResult.run(TestResult.java:113)
	at junit.framework.TestCase.run(TestCase.java:124)
	at junit.framework.TestSuite.runTest(TestSuite.java:232)
	at junit.framework.TestSuite.run(TestSuite.java:227)
	at org.junit.internal.runners.JUnit38ClassRunner.run(JUnit38ClassRunner.java:79)
	at org.eclipse.jdt.internal.junit4.runner.JUnit4TestReference.run(JUnit4TestReference.java:46)
	at org.eclipse.jdt.internal.junit.runner.TestExecution.run(TestExecution.java:38)
	at org.eclipse.jdt.internal.junit.runner.RemoteTestRunner.runTests(RemoteTestRunner.java:467)
	at org.eclipse.jdt.internal.junit.runner.RemoteTestRunner.runTests(RemoteTestRunner.java:683)
	at org.eclipse.jdt.internal.junit.runner.RemoteTestRunner.run(RemoteTestRunner.java:390)
	at org.eclipse.jdt.internal.junit.runner.RemoteTestRunner.main(RemoteTestRunner.java:197)
ERROR - Exception: 
java.nio.BufferOverflowException
	at java.nio.Buffer.nextPutIndex(Buffer.java:501)
	at java.nio.HeapByteBuffer.putInt(HeapByteBuffer.java:347)
	at com.joegaudet.remote.fields.AbstractRemotableField.serialize(AbstractRemotableField.java:35)
	at com.joegaudet.remote.fields.primatives.LongField.serialize(LongField.java:34)
	at com.joegaudet.remote.serialize.RemoteObjectSerializer.visitPrimative(RemoteObjectSerializer.java:43)
	at com.joegaudet.remote.visitors.OneTimeVisitor.visit(OneTimeVisitor.java:19)
	at com.joegaudet.remote.fields.AbstractRemotableField.acceptObjectVisitor(AbstractRemotableField.java:40)
	at com.joegaudet.remote.AbstractRemoteObject.acceptObjectVisitor(AbstractRemoteObject.java:141)
	at com.joegaudet.remote.serialize.RemoteObjectSerializer.serialize(RemoteObjectSerializer.java:32)
	at com.joegaudet.remote.serialize.RemoteObjectSerializer.writeObjectToChannel(RemoteObjectSerializer.java:38)
	at com.joegaudet.remote.RemoteObjectSerializationTest.testSerializeDeserialize_withOneWayReference(RemoteObjectSerializationTest.java:68)
	at sun.reflect.NativeMethodAccessorImpl.invoke0(Native Method)
	at sun.reflect.NativeMethodAccessorImpl.invoke(NativeMethodAccessorImpl.java:39)
	at sun.reflect.DelegatingMethodAccessorImpl.invoke(DelegatingMethodAccessorImpl.java:25)
	at java.lang.reflect.Method.invoke(Method.java:597)
	at junit.framework.TestCase.runTest(TestCase.java:168)
	at junit.framework.TestCase.runBare(TestCase.java:134)
	at junit.framework.TestResult$1.protect(TestResult.java:110)
	at junit.framework.TestResult.runProtected(TestResult.java:128)
	at junit.framework.TestResult.run(TestResult.java:113)
	at junit.framework.TestCase.run(TestCase.java:124)
	at junit.framework.TestSuite.runTest(TestSuite.java:232)
	at junit.framework.TestSuite.run(TestSuite.java:227)
	at org.junit.internal.runners.JUnit38ClassRunner.run(JUnit38ClassRunner.java:79)
	at org.eclipse.jdt.internal.junit4.runner.JUnit4TestReference.run(JUnit4TestReference.java:46)
	at org.eclipse.jdt.internal.junit.runner.TestExecution.run(TestExecution.java:38)
	at org.eclipse.jdt.internal.junit.runner.RemoteTestRunner.runTests(RemoteTestRunner.java:467)
	at org.eclipse.jdt.internal.junit.runner.RemoteTestRunner.runTests(RemoteTestRunner.java:683)
	at org.eclipse.jdt.internal.junit.runner.RemoteTestRunner.run(RemoteTestRunner.java:390)
	at org.eclipse.jdt.internal.junit.runner.RemoteTestRunner.main(RemoteTestRunner.java:197)
ERROR - Exception: 
java.nio.BufferOverflowException
	at java.nio.Buffer.nextPutIndex(Buffer.java:501)
	at java.nio.HeapByteBuffer.putInt(HeapByteBuffer.java:347)
	at com.joegaudet.remote.fields.AbstractRemotableField.serialize(AbstractRemotableField.java:35)
	at com.joegaudet.remote.fields.primatives.DoubleField.serialize(DoubleField.java:35)
	at com.joegaudet.remote.serialize.RemoteObjectSerializer.visitPrimative(RemoteObjectSerializer.java:43)
	at com.joegaudet.remote.visitors.OneTimeVisitor.visit(OneTimeVisitor.java:19)
	at com.joegaudet.remote.fields.AbstractRemotableField.acceptObjectVisitor(AbstractRemotableField.java:40)
	at com.joegaudet.remote.AbstractRemoteObject.acceptObjectVisitor(AbstractRemoteObject.java:141)
	at com.joegaudet.remote.serialize.RemoteObjectSerializer.serialize(RemoteObjectSerializer.java:32)
	at com.joegaudet.remote.serialize.RemoteObjectSerializer.writeObjectToChannel(RemoteObjectSerializer.java:38)
	at com.joegaudet.remote.RemoteObjectSerializationTest.testSerializeDeserialize_withOneWayReference(RemoteObjectSerializationTest.java:68)
	at sun.reflect.NativeMethodAccessorImpl.invoke0(Native Method)
	at sun.reflect.NativeMethodAccessorImpl.invoke(NativeMethodAccessorImpl.java:39)
	at sun.reflect.DelegatingMethodAccessorImpl.invoke(DelegatingMethodAccessorImpl.java:25)
	at java.lang.reflect.Method.invoke(Method.java:597)
	at junit.framework.TestCase.runTest(TestCase.java:168)
	at junit.framework.TestCase.runBare(TestCase.java:134)
	at junit.framework.TestResult$1.protect(TestResult.java:110)
	at junit.framework.TestResult.runProtected(TestResult.java:128)
	at junit.framework.TestResult.run(TestResult.java:113)
	at junit.framework.TestCase.run(TestCase.java:124)
	at junit.framework.TestSuite.runTest(TestSuite.java:232)
	at junit.framework.TestSuite.run(TestSuite.java:227)
	at org.junit.internal.runners.JUnit38ClassRunner.run(JUnit38ClassRunner.java:79)
	at org.eclipse.jdt.internal.junit4.runner.JUnit4TestReference.run(JUnit4TestReference.java:46)
	at org.eclipse.jdt.internal.junit.runner.TestExecution.run(TestExecution.java:38)
	at org.eclipse.jdt.internal.junit.runner.RemoteTestRunner.runTests(RemoteTestRunner.java:467)
	at org.eclipse.jdt.internal.junit.runner.RemoteTestRunner.runTests(RemoteTestRunner.java:683)
	at org.eclipse.jdt.internal.junit.runner.RemoteTestRunner.run(RemoteTestRunner.java:390)
	at org.eclipse.jdt.internal.junit.runner.RemoteTestRunner.main(RemoteTestRunner.java:197)
ERROR - Exception: 
java.nio.BufferOverflowException
	at java.nio.Buffer.nextPutIndex(Buffer.java:501)
	at java.nio.HeapByteBuffer.putInt(HeapByteBuffer.java:347)
	at com.joegaudet.remote.fields.AbstractRemotableField.serialize(AbstractRemotableField.java:35)
	at com.joegaudet.remote.fields.primatives.StringField.serialize(StringField.java:34)
	at com.joegaudet.remote.serialize.RemoteObjectSerializer.visitPrimative(RemoteObjectSerializer.java:43)
	at com.joegaudet.remote.visitors.OneTimeVisitor.visit(OneTimeVisitor.java:19)
	at com.joegaudet.remote.fields.AbstractRemotableField.acceptObjectVisitor(AbstractRemotableField.java:40)
	at com.joegaudet.remote.AbstractRemoteObject.acceptObjectVisitor(AbstractRemoteObject.java:141)
	at com.joegaudet.remote.serialize.RemoteObjectSerializer.serialize(RemoteObjectSerializer.java:32)
	at com.joegaudet.remote.serialize.RemoteObjectSerializer.writeObjectToChannel(RemoteObjectSerializer.java:38)
	at com.joegaudet.remote.RemoteObjectSerializationTest.testSerializeDeserialize_withOneWayReference(RemoteObjectSerializationTest.java:68)
	at sun.reflect.NativeMethodAccessorImpl.invoke0(Native Method)
	at sun.reflect.NativeMethodAccessorImpl.invoke(NativeMethodAccessorImpl.java:39)
	at sun.reflect.DelegatingMethodAccessorImpl.invoke(DelegatingMethodAccessorImpl.java:25)
	at java.lang.reflect.Method.invoke(Method.java:597)
	at junit.framework.TestCase.runTest(TestCase.java:168)
	at junit.framework.TestCase.runBare(TestCase.java:134)
	at junit.framework.TestResult$1.protect(TestResult.java:110)
	at junit.framework.TestResult.runProtected(TestResult.java:128)
	at junit.framework.TestResult.run(TestResult.java:113)
	at junit.framework.TestCase.run(TestCase.java:124)
	at junit.framework.TestSuite.runTest(TestSuite.java:232)
	at junit.framework.TestSuite.run(TestSuite.java:227)
	at org.junit.internal.runners.JUnit38ClassRunner.run(JUnit38ClassRunner.java:79)
	at org.eclipse.jdt.internal.junit4.runner.JUnit4TestReference.run(JUnit4TestReference.java:46)
	at org.eclipse.jdt.internal.junit.runner.TestExecution.run(TestExecution.java:38)
	at org.eclipse.jdt.internal.junit.runner.RemoteTestRunner.runTests(RemoteTestRunner.java:467)
	at org.eclipse.jdt.internal.junit.runner.RemoteTestRunner.runTests(RemoteTestRunner.java:683)
	at org.eclipse.jdt.internal.junit.runner.RemoteTestRunner.run(RemoteTestRunner.java:390)
	at org.eclipse.jdt.internal.junit.runner.RemoteTestRunner.main(RemoteTestRunner.java:197)
ERROR - Exception: 
java.nio.BufferOverflowException
	at java.nio.HeapByteBuffer.put(HeapByteBuffer.java:165)
	at java.nio.ByteBuffer.put(ByteBuffer.java:813)
	at com.joegaudet.remote.fields.primatives.StringField.serialize(StringField.java:36)
	at com.joegaudet.remote.serialize.RemoteObjectSerializer.visitPrimative(RemoteObjectSerializer.java:43)
	at com.joegaudet.remote.visitors.OneTimeVisitor.visit(OneTimeVisitor.java:19)
	at com.joegaudet.remote.fields.AbstractRemotableField.acceptObjectVisitor(AbstractRemotableField.java:41)
	at com.joegaudet.remote.AbstractRemoteObject.acceptObjectVisitor(AbstractRemoteObject.java:144)
	at com.joegaudet.remote.serialize.RemoteObjectSerializer.serialize(RemoteObjectSerializer.java:32)
	at com.joegaudet.remote.serialize.RemoteObjectSerializer.writeObjectToChannel(RemoteObjectSerializer.java:38)
	at com.joegaudet.remote.RemoteObjectSerializationTest.serializationDeserialization_oneWayReferenceObject(RemoteObjectSerializationTest.java:68)
	at sun.reflect.NativeMethodAccessorImpl.invoke0(Native Method)
	at sun.reflect.NativeMethodAccessorImpl.invoke(NativeMethodAccessorImpl.java:39)
	at sun.reflect.DelegatingMethodAccessorImpl.invoke(DelegatingMethodAccessorImpl.java:25)
	at java.lang.reflect.Method.invoke(Method.java:597)
	at org.junit.runners.model.FrameworkMethod$1.runReflectiveCall(FrameworkMethod.java:44)
	at org.junit.internal.runners.model.ReflectiveCallable.run(ReflectiveCallable.java:15)
	at org.junit.runners.model.FrameworkMethod.invokeExplosively(FrameworkMethod.java:41)
	at org.junit.internal.runners.statements.InvokeMethod.evaluate(InvokeMethod.java:20)
	at org.junit.internal.runners.statements.RunBefores.evaluate(RunBefores.java:28)
	at org.junit.internal.runners.statements.RunAfters.evaluate(RunAfters.java:31)
	at org.junit.runners.BlockJUnit4ClassRunner.runChild(BlockJUnit4ClassRunner.java:73)
	at org.junit.runners.BlockJUnit4ClassRunner.runChild(BlockJUnit4ClassRunner.java:46)
	at org.junit.runners.ParentRunner.runChildren(ParentRunner.java:180)
	at org.junit.runners.ParentRunner.access$000(ParentRunner.java:41)
	at org.junit.runners.ParentRunner$1.evaluate(ParentRunner.java:173)
	at org.junit.internal.runners.statements.RunBefores.evaluate(RunBefores.java:28)
	at org.junit.internal.runners.statements.RunAfters.evaluate(RunAfters.java:31)
	at org.junit.runners.ParentRunner.run(ParentRunner.java:220)
	at org.eclipse.jdt.internal.junit4.runner.JUnit4TestReference.run(JUnit4TestReference.java:46)
	at org.eclipse.jdt.internal.junit.runner.TestExecution.run(TestExecution.java:38)
	at org.eclipse.jdt.internal.junit.runner.RemoteTestRunner.runTests(RemoteTestRunner.java:467)
	at org.eclipse.jdt.internal.junit.runner.RemoteTestRunner.runTests(RemoteTestRunner.java:683)
	at org.eclipse.jdt.internal.junit.runner.RemoteTestRunner.run(RemoteTestRunner.java:390)
	at org.eclipse.jdt.internal.junit.runner.RemoteTestRunner.main(RemoteTestRunner.java:197)
